[0m11:28:10.941125 [debug] [MainThread]: Sending event: {'category': 'dbt', 'action': 'invocation', 'label': 'start', 'context': [<snowplow_tracker.self_describing_json.SelfDescribingJson object at 0x000001DD19415A90>, <snowplow_tracker.self_describing_json.SelfDescribingJson object at 0x000001DD1AC625D0>, <snowplow_tracker.self_describing_json.SelfDescribingJson object at 0x000001DD1AC62990>]}


============================== 11:28:10.981376 | ff13668f-1a14-4e7e-b2a5-d52db6aafadb ==============================
[0m11:28:10.981376 [info ] [MainThread]: Running with dbt=1.7.9
[0m11:28:10.983068 [debug] [MainThread]: running dbt with arguments {'printer_width': '80', 'indirect_selection': 'eager', 'write_json': 'True', 'log_cache_events': 'False', 'partial_parse': 'True', 'cache_selected_only': 'False', 'profiles_dir': 'C:\\Users\\saleban ali hassan\\.dbt', 'version_check': 'True', 'debug': 'False', 'log_path': 'logs', 'fail_fast': 'False', 'warn_error': 'None', 'use_colors': 'True', 'use_experimental_parser': 'False', 'no_print': 'None', 'quiet': 'False', 'log_format': 'default', 'invocation_command': 'dbt init', 'introspect': 'True', 'static_parser': 'True', 'target_path': 'None', 'warn_error_options': 'WarnErrorOptions(include=[], exclude=[])', 'send_anonymous_usage_stats': 'True'}
[0m11:28:10.984540 [warn ] [MainThread]: [ConfigFolderDirectory]: Unable to parse dict {'dir': WindowsPath('C:/Users/saleban ali hassan/.dbt')}
[0m11:28:10.985602 [info ] [MainThread]: Creating dbt configuration folder at 
[0m11:29:18.650860 [debug] [MainThread]: Starter project path: C:\Users\saleban ali hassan\Documents\DBT_DEMO\dbt_demo\Lib\site-packages\dbt\include\starter_project
[0m11:29:18.727117 [info ] [MainThread]: 
Your new dbt project "projet_dbt_one" was created!

For more information on how to configure the profiles.yml file,
please consult the dbt documentation here:

  https://docs.getdbt.com/docs/configure-your-profile

One more thing:

Need help? Don't hesitate to reach out to us via GitHub issues or on Slack:

  https://community.getdbt.com/

Happy modeling!

[0m11:29:18.728880 [info ] [MainThread]: Setting up your profile.
[0m11:29:26.122361 [info ] [MainThread]: Profile projet_dbt_one written to C:\Users\saleban ali hassan\.dbt\profiles.yml using target's sample configuration. Once updated, you'll be able to start developing with dbt.
[0m11:29:26.124795 [debug] [MainThread]: Command `dbt init` succeeded at 11:29:26.124482 after 75.40 seconds
[0m11:29:26.125668 [debug] [MainThread]: Sending event: {'category': 'dbt', 'action': 'invocation', 'label': 'end', 'context': [<snowplow_tracker.self_describing_json.SelfDescribingJson object at 0x000001DD15C52520>, <snowplow_tracker.self_describing_json.SelfDescribingJson object at 0x000001DD1ADEE8D0>, <snowplow_tracker.self_describing_json.SelfDescribingJson object at 0x000001DD1AE118C0>]}
[0m11:29:26.126460 [debug] [MainThread]: Flushing usage events
